<?xml version="1.0" encoding="UTF-8"?>
<coverage generated="1744986499039" clover="3.2.0">
  <project timestamp="1744986499039" name="All files">
    <metrics statements="70" coveredstatements="70" conditionals="59" coveredconditionals="57" methods="12" coveredmethods="12" elements="141" coveredelements="139" complexity="0" loc="70" ncloc="70" packages="4" files="7" classes="7"/>
    <package name="__fixtures__">
      <metrics statements="10" coveredstatements="10" conditionals="0" coveredconditionals="0" methods="0" coveredmethods="0"/>
      <file name="objectDeep.js" path="/home/swat/frontend-project-46/frontend-project-46/__fixtures__/objectDeep.js">
        <metrics statements="4" coveredstatements="4" conditionals="0" coveredconditionals="0" methods="0" coveredmethods="0"/>
        <line num="1" count="3" type="stmt"/>
        <line num="28" count="3" type="stmt"/>
        <line num="60" count="3" type="stmt"/>
        <line num="106" count="3" type="stmt"/>
      </file>
      <file name="objects.js" path="/home/swat/frontend-project-46/frontend-project-46/__fixtures__/objects.js">
        <metrics statements="6" coveredstatements="6" conditionals="0" coveredconditionals="0" methods="0" coveredmethods="0"/>
        <line num="1" count="4" type="stmt"/>
        <line num="7" count="4" type="stmt"/>
        <line num="13" count="4" type="stmt"/>
        <line num="19" count="4" type="stmt"/>
        <line num="26" count="4" type="stmt"/>
        <line num="35" count="4" type="stmt"/>
      </file>
    </package>
    <package name="src">
      <metrics statements="22" coveredstatements="22" conditionals="30" coveredconditionals="28" methods="2" coveredmethods="2"/>
      <file name="compare-file.js" path="/home/swat/frontend-project-46/frontend-project-46/src/compare-file.js">
        <metrics statements="18" coveredstatements="18" conditionals="26" coveredconditionals="25" methods="1" coveredmethods="1"/>
        <line num="5" count="16" type="stmt"/>
        <line num="7" count="16" type="stmt"/>
        <line num="8" count="16" type="stmt"/>
        <line num="9" count="41" type="cond" truecount="4" falsecount="0"/>
        <line num="10" count="28" type="cond" truecount="6" falsecount="0"/>
        <line num="11" count="7" type="stmt"/>
        <line num="12" count="21" type="cond" truecount="2" falsecount="0"/>
        <line num="13" count="15" type="stmt"/>
        <line num="15" count="6" type="cond" truecount="4" falsecount="0"/>
        <line num="16" count="6" type="cond" truecount="3" falsecount="1"/>
        <line num="18" count="13" type="cond" truecount="2" falsecount="0"/>
        <line num="19" count="8" type="cond" truecount="2" falsecount="0"/>
        <line num="20" count="2" type="stmt"/>
        <line num="22" count="6" type="stmt"/>
        <line num="25" count="5" type="cond" truecount="2" falsecount="0"/>
        <line num="26" count="1" type="stmt"/>
        <line num="28" count="4" type="stmt"/>
        <line num="34" count="16" type="stmt"/>
      </file>
      <file name="parse.js" path="/home/swat/frontend-project-46/frontend-project-46/src/parse.js">
        <metrics statements="4" coveredstatements="4" conditionals="4" coveredconditionals="3" methods="1" coveredmethods="1"/>
        <line num="4" count="11" type="cond" truecount="3" falsecount="1"/>
        <line num="6" count="6" type="stmt"/>
        <line num="9" count="4" type="stmt"/>
        <line num="11" count="1" type="stmt"/>
      </file>
    </package>
    <package name="src.formatters">
      <metrics statements="35" coveredstatements="35" conditionals="29" coveredconditionals="29" methods="7" coveredmethods="7"/>
      <file name="formatter-plain.js" path="/home/swat/frontend-project-46/frontend-project-46/src/formatters/formatter-plain.js">
        <metrics statements="23" coveredstatements="23" conditionals="25" coveredconditionals="25" methods="4" coveredmethods="4"/>
        <line num="2" count="2" type="stmt"/>
        <line num="3" count="2" type="stmt"/>
        <line num="4" count="16" type="cond" truecount="2" falsecount="0"/>
        <line num="5" count="7" type="stmt"/>
        <line num="7" count="9" type="cond" truecount="5" falsecount="0"/>
        <line num="8" count="3" type="stmt"/>
        <line num="10" count="6" type="stmt"/>
        <line num="13" count="2" type="stmt"/>
        <line num="14" count="6" type="stmt"/>
        <line num="15" count="6" type="stmt"/>
        <line num="16" count="28" type="cond" truecount="4" falsecount="0"/>
        <line num="17" count="5" type="stmt"/>
        <line num="18" count="5" type="stmt"/>
        <line num="19" count="5" type="stmt"/>
        <line num="20" count="23" type="cond" truecount="4" falsecount="0"/>
        <line num="21" count="6" type="stmt"/>
        <line num="22" count="6" type="stmt"/>
        <line num="23" count="17" type="cond" truecount="4" falsecount="0"/>
        <line num="24" count="4" type="stmt"/>
        <line num="26" count="28" type="cond" truecount="6" falsecount="0"/>
        <line num="27" count="4" type="stmt"/>
        <line num="31" count="2" type="stmt"/>
        <line num="33" count="2" type="stmt"/>
      </file>
      <file name="formatter-stylish.js" path="/home/swat/frontend-project-46/frontend-project-46/src/formatters/formatter-stylish.js">
        <metrics statements="12" coveredstatements="12" conditionals="4" coveredconditionals="4" methods="3" coveredmethods="3"/>
        <line num="2" count="1" type="stmt"/>
        <line num="3" count="1" type="stmt"/>
        <line num="4" count="1" type="stmt"/>
        <line num="5" count="32" type="cond" truecount="4" falsecount="0"/>
        <line num="6" count="20" type="stmt"/>
        <line num="8" count="12" type="stmt"/>
        <line num="9" count="12" type="stmt"/>
        <line num="10" count="12" type="stmt"/>
        <line num="11" count="12" type="stmt"/>
        <line num="13" count="31" type="stmt"/>
        <line num="15" count="12" type="stmt"/>
        <line num="22" count="1" type="stmt"/>
      </file>
    </package>
    <package name="src.helpers">
      <metrics statements="3" coveredstatements="3" conditionals="0" coveredconditionals="0" methods="3" coveredmethods="3"/>
      <file name="helpers.js" path="/home/swat/frontend-project-46/frontend-project-46/src/helpers/helpers.js">
        <metrics statements="3" coveredstatements="3" conditionals="0" coveredconditionals="0" methods="3" coveredmethods="3"/>
        <line num="6" count="4" type="stmt"/>
        <line num="8" count="22" type="stmt"/>
        <line num="10" count="4" type="stmt"/>
      </file>
    </package>
  </project>
</coverage>
