{"/home/swat/frontend-project-46/frontend-project-46/__fixtures__/objects.js": {"path":"/home/swat/frontend-project-46/frontend-project-46/__fixtures__/objects.js","statementMap":{"0":{"start":{"line":1,"column":20},"end":{"line":6,"column":1}},"1":{"start":{"line":7,"column":20},"end":{"line":11,"column":1}},"2":{"start":{"line":13,"column":24},"end":{"line":18,"column":1}},"3":{"start":{"line":19,"column":24},"end":{"line":24,"column":1}},"4":{"start":{"line":26,"column":32},"end":{"line":33,"column":1}},"5":{"start":{"line":35,"column":32},"end":{"line":42,"column":1}}},"fnMap":{},"branchMap":{},"s":{"0":2,"1":2,"2":2,"3":2,"4":2,"5":2},"f":{},"b":{},"_coverageSchema":"1a1c01bbd47fc00a2c39e90264f33305004495a9","hash":"0347757258e5a14700b6151e446d9d85aaaac9be"}
,"/home/swat/frontend-project-46/frontend-project-46/src/compare-file.js": {"path":"/home/swat/frontend-project-46/frontend-project-46/src/compare-file.js","statementMap":{"0":{"start":{"line":5,"column":18},"end":{"line":5,"column":66}},"1":{"start":{"line":7,"column":20},"end":{"line":7,"column":22}},"2":{"start":{"line":8,"column":2},"end":{"line":19,"column":3}},"3":{"start":{"line":9,"column":4},"end":{"line":18,"column":45}},"4":{"start":{"line":10,"column":6},"end":{"line":15,"column":7}},"5":{"start":{"line":11,"column":8},"end":{"line":11,"column":31}},"6":{"start":{"line":13,"column":8},"end":{"line":13,"column":46}},"7":{"start":{"line":14,"column":8},"end":{"line":14,"column":47}},"8":{"start":{"line":16,"column":11},"end":{"line":18,"column":45}},"9":{"start":{"line":17,"column":6},"end":{"line":17,"column":36}},"10":{"start":{"line":18,"column":13},"end":{"line":18,"column":43}},"11":{"start":{"line":21,"column":2},"end":{"line":21,"column":19}}},"fnMap":{"0":{"name":"compareFile","decl":{"start":{"line":4,"column":24},"end":{"line":4,"column":35}},"loc":{"start":{"line":4,"column":57},"end":{"line":22,"column":1}},"line":4}},"branchMap":{"0":{"loc":{"start":{"line":9,"column":4},"end":{"line":18,"column":45}},"type":"if","locations":[{"start":{"line":9,"column":4},"end":{"line":18,"column":45}},{"start":{"line":16,"column":11},"end":{"line":18,"column":45}}],"line":9},"1":{"loc":{"start":{"line":9,"column":8},"end":{"line":9,"column":69}},"type":"binary-expr","locations":[{"start":{"line":9,"column":8},"end":{"line":9,"column":36}},{"start":{"line":9,"column":40},"end":{"line":9,"column":69}}],"line":9},"2":{"loc":{"start":{"line":10,"column":6},"end":{"line":15,"column":7}},"type":"if","locations":[{"start":{"line":10,"column":6},"end":{"line":15,"column":7}},{"start":{"line":12,"column":13},"end":{"line":15,"column":7}}],"line":10},"3":{"loc":{"start":{"line":16,"column":11},"end":{"line":18,"column":45}},"type":"if","locations":[{"start":{"line":16,"column":11},"end":{"line":18,"column":45}},{"start":{"line":18,"column":11},"end":{"line":18,"column":45}}],"line":16}},"s":{"0":7,"1":7,"2":7,"3":28,"4":16,"5":12,"6":4,"7":4,"8":12,"9":6,"10":6,"11":7},"f":{"0":7},"b":{"0":[16,12],"1":[28,22],"2":[12,4],"3":[6,6]},"_coverageSchema":"1a1c01bbd47fc00a2c39e90264f33305004495a9","hash":"e3d2b2cb837f93f8cffbf95ca53ccc028d2bcab5"}
,"/home/swat/frontend-project-46/frontend-project-46/src/helpers/helpers.js": {"path":"/home/swat/frontend-project-46/frontend-project-46/src/helpers/helpers.js","statementMap":{"0":{"start":{"line":4,"column":32},"end":{"line":4,"column":83}},"1":{"start":{"line":4,"column":46},"end":{"line":4,"column":83}},"2":{"start":{"line":6,"column":33},"end":{"line":6,"column":98}},"3":{"start":{"line":6,"column":47},"end":{"line":6,"column":98}}},"fnMap":{"0":{"name":"(anonymous_0)","decl":{"start":{"line":4,"column":32},"end":{"line":4,"column":33}},"loc":{"start":{"line":4,"column":46},"end":{"line":4,"column":83}},"line":4},"1":{"name":"(anonymous_1)","decl":{"start":{"line":6,"column":33},"end":{"line":6,"column":34}},"loc":{"start":{"line":6,"column":47},"end":{"line":6,"column":98}},"line":6}},"branchMap":{},"s":{"0":3,"1":4,"2":3,"3":13},"f":{"0":4,"1":13},"b":{},"_coverageSchema":"1a1c01bbd47fc00a2c39e90264f33305004495a9","hash":"927f31e4a118ed860ceb27a52ae3fa327c2ddb14"}
}
