{"/home/swat/frontend-project-46/frontend-project-46/__fixtures__/objectDeep.js": {"path":"/home/swat/frontend-project-46/frontend-project-46/__fixtures__/objectDeep.js","statementMap":{"0":{"start":{"line":1,"column":24},"end":{"line":26,"column":1}},"1":{"start":{"line":28,"column":24},"end":{"line":58,"column":1}},"2":{"start":{"line":60,"column":23},"end":{"line":103,"column":1}},"3":{"start":{"line":106,"column":24},"end":{"line":149,"column":1}}},"fnMap":{},"branchMap":{},"s":{"0":3,"1":3,"2":3,"3":3},"f":{},"b":{},"_coverageSchema":"1a1c01bbd47fc00a2c39e90264f33305004495a9","hash":"02efbf0d6640f1f8a0104c5ad92262b0a3d96941"}
,"/home/swat/frontend-project-46/frontend-project-46/__fixtures__/objects.js": {"path":"/home/swat/frontend-project-46/frontend-project-46/__fixtures__/objects.js","statementMap":{"0":{"start":{"line":1,"column":20},"end":{"line":6,"column":1}},"1":{"start":{"line":7,"column":20},"end":{"line":11,"column":1}},"2":{"start":{"line":13,"column":24},"end":{"line":18,"column":1}},"3":{"start":{"line":19,"column":24},"end":{"line":24,"column":1}},"4":{"start":{"line":26,"column":32},"end":{"line":33,"column":1}},"5":{"start":{"line":35,"column":32},"end":{"line":42,"column":1}}},"fnMap":{},"branchMap":{},"s":{"0":4,"1":4,"2":4,"3":4,"4":4,"5":4},"f":{},"b":{},"_coverageSchema":"1a1c01bbd47fc00a2c39e90264f33305004495a9","hash":"0347757258e5a14700b6151e446d9d85aaaac9be"}
,"/home/swat/frontend-project-46/frontend-project-46/src/compare-file.js": {"path":"/home/swat/frontend-project-46/frontend-project-46/src/compare-file.js","statementMap":{"0":{"start":{"line":5,"column":18},"end":{"line":5,"column":66}},"1":{"start":{"line":7,"column":20},"end":{"line":7,"column":22}},"2":{"start":{"line":8,"column":2},"end":{"line":32,"column":3}},"3":{"start":{"line":9,"column":4},"end":{"line":31,"column":5}},"4":{"start":{"line":10,"column":6},"end":{"line":17,"column":7}},"5":{"start":{"line":11,"column":8},"end":{"line":11,"column":75}},"6":{"start":{"line":12,"column":13},"end":{"line":17,"column":7}},"7":{"start":{"line":13,"column":8},"end":{"line":13,"column":38}},"8":{"start":{"line":15,"column":8},"end":{"line":15,"column":154}},"9":{"start":{"line":16,"column":8},"end":{"line":16,"column":159}},"10":{"start":{"line":18,"column":11},"end":{"line":31,"column":5}},"11":{"start":{"line":19,"column":6},"end":{"line":23,"column":7}},"12":{"start":{"line":20,"column":8},"end":{"line":20,"column":76}},"13":{"start":{"line":22,"column":8},"end":{"line":22,"column":38}},"14":{"start":{"line":25,"column":6},"end":{"line":29,"column":7}},"15":{"start":{"line":26,"column":8},"end":{"line":26,"column":74}},"16":{"start":{"line":28,"column":8},"end":{"line":28,"column":38}},"17":{"start":{"line":34,"column":2},"end":{"line":34,"column":19}}},"fnMap":{"0":{"name":"compareFile","decl":{"start":{"line":4,"column":24},"end":{"line":4,"column":35}},"loc":{"start":{"line":4,"column":57},"end":{"line":35,"column":1}},"line":4}},"branchMap":{"0":{"loc":{"start":{"line":9,"column":4},"end":{"line":31,"column":5}},"type":"if","locations":[{"start":{"line":9,"column":4},"end":{"line":31,"column":5}},{"start":{"line":18,"column":11},"end":{"line":31,"column":5}}],"line":9},"1":{"loc":{"start":{"line":9,"column":8},"end":{"line":9,"column":69}},"type":"binary-expr","locations":[{"start":{"line":9,"column":8},"end":{"line":9,"column":36}},{"start":{"line":9,"column":40},"end":{"line":9,"column":69}}],"line":9},"2":{"loc":{"start":{"line":10,"column":6},"end":{"line":17,"column":7}},"type":"if","locations":[{"start":{"line":10,"column":6},"end":{"line":17,"column":7}},{"start":{"line":12,"column":13},"end":{"line":17,"column":7}}],"line":10},"3":{"loc":{"start":{"line":10,"column":10},"end":{"line":10,"column":148}},"type":"binary-expr","locations":[{"start":{"line":10,"column":10},"end":{"line":10,"column":43}},{"start":{"line":10,"column":47},"end":{"line":10,"column":81}},{"start":{"line":10,"column":85},"end":{"line":10,"column":114}},{"start":{"line":10,"column":118},"end":{"line":10,"column":148}}],"line":10},"4":{"loc":{"start":{"line":12,"column":13},"end":{"line":17,"column":7}},"type":"if","locations":[{"start":{"line":12,"column":13},"end":{"line":17,"column":7}},{"start":{"line":14,"column":13},"end":{"line":17,"column":7}}],"line":12},"5":{"loc":{"start":{"line":15,"column":32},"end":{"line":15,"column":153}},"type":"cond-expr","locations":[{"start":{"line":15,"column":96},"end":{"line":15,"column":137}},{"start":{"line":15,"column":140},"end":{"line":15,"column":153}}],"line":15},"6":{"loc":{"start":{"line":15,"column":33},"end":{"line":15,"column":92}},"type":"binary-expr","locations":[{"start":{"line":15,"column":33},"end":{"line":15,"column":66}},{"start":{"line":15,"column":70},"end":{"line":15,"column":92}}],"line":15},"7":{"loc":{"start":{"line":16,"column":32},"end":{"line":16,"column":158}},"type":"cond-expr","locations":[{"start":{"line":16,"column":98},"end":{"line":16,"column":141}},{"start":{"line":16,"column":144},"end":{"line":16,"column":158}}],"line":16},"8":{"loc":{"start":{"line":16,"column":33},"end":{"line":16,"column":94}},"type":"binary-expr","locations":[{"start":{"line":16,"column":33},"end":{"line":16,"column":67}},{"start":{"line":16,"column":71},"end":{"line":16,"column":94}}],"line":16},"9":{"loc":{"start":{"line":18,"column":11},"end":{"line":31,"column":5}},"type":"if","locations":[{"start":{"line":18,"column":11},"end":{"line":31,"column":5}},{"start":{"line":24,"column":11},"end":{"line":31,"column":5}}],"line":18},"10":{"loc":{"start":{"line":19,"column":6},"end":{"line":23,"column":7}},"type":"if","locations":[{"start":{"line":19,"column":6},"end":{"line":23,"column":7}},{"start":{"line":21,"column":13},"end":{"line":23,"column":7}}],"line":19},"11":{"loc":{"start":{"line":25,"column":6},"end":{"line":29,"column":7}},"type":"if","locations":[{"start":{"line":25,"column":6},"end":{"line":29,"column":7}},{"start":{"line":27,"column":13},"end":{"line":29,"column":7}}],"line":25}},"s":{"0":16,"1":16,"2":16,"3":41,"4":28,"5":7,"6":21,"7":15,"8":6,"9":6,"10":13,"11":8,"12":2,"13":6,"14":5,"15":1,"16":4,"17":16},"f":{"0":16},"b":{"0":[28,13],"1":[41,33],"2":[7,21],"3":[28,8,7,7],"4":[15,6],"5":[1,5],"6":[6,1],"7":[0,6],"8":[6,1],"9":[8,5],"10":[2,6],"11":[1,4]},"_coverageSchema":"1a1c01bbd47fc00a2c39e90264f33305004495a9","hash":"9886ca7301ca8f66e0bfa05aad0b0d9a8add89b6"}
,"/home/swat/frontend-project-46/frontend-project-46/src/parse.js": {"path":"/home/swat/frontend-project-46/frontend-project-46/src/parse.js","statementMap":{"0":{"start":{"line":4,"column":2},"end":{"line":12,"column":3}},"1":{"start":{"line":6,"column":4},"end":{"line":6,"column":28}},"2":{"start":{"line":9,"column":4},"end":{"line":9,"column":37}},"3":{"start":{"line":11,"column":4},"end":{"line":11,"column":14}}},"fnMap":{"0":{"name":"(anonymous_0)","decl":{"start":{"line":3,"column":15},"end":{"line":3,"column":16}},"loc":{"start":{"line":3,"column":35},"end":{"line":13,"column":1}},"line":3}},"branchMap":{"0":{"loc":{"start":{"line":4,"column":2},"end":{"line":12,"column":3}},"type":"switch","locations":[{"start":{"line":5,"column":2},"end":{"line":6,"column":28}},{"start":{"line":7,"column":2},"end":{"line":7,"column":14}},{"start":{"line":8,"column":2},"end":{"line":9,"column":37}},{"start":{"line":10,"column":2},"end":{"line":11,"column":14}}],"line":4}},"s":{"0":11,"1":6,"2":4,"3":1},"f":{"0":11},"b":{"0":[6,0,4,1]},"_coverageSchema":"1a1c01bbd47fc00a2c39e90264f33305004495a9","hash":"cc006fe389bdf99f3fdd3ad7c2430d02567b70b2"}
,"/home/swat/frontend-project-46/frontend-project-46/src/formatters/formatter-plain.js": {"path":"/home/swat/frontend-project-46/frontend-project-46/src/formatters/formatter-plain.js","statementMap":{"0":{"start":{"line":2,"column":17},"end":{"line":2,"column":19}},"1":{"start":{"line":3,"column":25},"end":{"line":11,"column":3}},"2":{"start":{"line":4,"column":4},"end":{"line":6,"column":5}},"3":{"start":{"line":5,"column":6},"end":{"line":5,"column":26}},"4":{"start":{"line":7,"column":4},"end":{"line":9,"column":5}},"5":{"start":{"line":8,"column":6},"end":{"line":8,"column":31}},"6":{"start":{"line":10,"column":4},"end":{"line":10,"column":17}},"7":{"start":{"line":13,"column":15},"end":{"line":30,"column":3}},"8":{"start":{"line":14,"column":17},"end":{"line":14,"column":34}},"9":{"start":{"line":15,"column":4},"end":{"line":29,"column":7}},"10":{"start":{"line":16,"column":6},"end":{"line":25,"column":7}},"11":{"start":{"line":17,"column":28},"end":{"line":17,"column":52}},"12":{"start":{"line":18,"column":27},"end":{"line":18,"column":36}},"13":{"start":{"line":19,"column":8},"end":{"line":19,"column":156}},"14":{"start":{"line":20,"column":13},"end":{"line":25,"column":7}},"15":{"start":{"line":21,"column":27},"end":{"line":21,"column":36}},"16":{"start":{"line":22,"column":8},"end":{"line":22,"column":126}},"17":{"start":{"line":23,"column":13},"end":{"line":25,"column":7}},"18":{"start":{"line":24,"column":8},"end":{"line":24,"column":86}},"19":{"start":{"line":26,"column":6},"end":{"line":28,"column":7}},"20":{"start":{"line":27,"column":8},"end":{"line":27,"column":51}},"21":{"start":{"line":31,"column":2},"end":{"line":31,"column":17}},"22":{"start":{"line":33,"column":2},"end":{"line":33,"column":27}}},"fnMap":{"0":{"name":"formatterPlain","decl":{"start":{"line":1,"column":24},"end":{"line":1,"column":38}},"loc":{"start":{"line":1,"column":45},"end":{"line":34,"column":1}},"line":1},"1":{"name":"(anonymous_1)","decl":{"start":{"line":3,"column":25},"end":{"line":3,"column":26}},"loc":{"start":{"line":3,"column":36},"end":{"line":11,"column":3}},"line":3},"2":{"name":"(anonymous_2)","decl":{"start":{"line":13,"column":15},"end":{"line":13,"column":16}},"loc":{"start":{"line":13,"column":31},"end":{"line":30,"column":3}},"line":13},"3":{"name":"(anonymous_3)","decl":{"start":{"line":15,"column":17},"end":{"line":15,"column":18}},"loc":{"start":{"line":15,"column":40},"end":{"line":29,"column":5}},"line":15}},"branchMap":{"0":{"loc":{"start":{"line":4,"column":4},"end":{"line":6,"column":5}},"type":"if","locations":[{"start":{"line":4,"column":4},"end":{"line":6,"column":5}},{"start":{},"end":{}}],"line":4},"1":{"loc":{"start":{"line":7,"column":4},"end":{"line":9,"column":5}},"type":"if","locations":[{"start":{"line":7,"column":4},"end":{"line":9,"column":5}},{"start":{},"end":{}}],"line":7},"2":{"loc":{"start":{"line":7,"column":7},"end":{"line":7,"column":75}},"type":"binary-expr","locations":[{"start":{"line":7,"column":7},"end":{"line":7,"column":32}},{"start":{"line":7,"column":36},"end":{"line":7,"column":50}},{"start":{"line":7,"column":54},"end":{"line":7,"column":75}}],"line":7},"3":{"loc":{"start":{"line":16,"column":6},"end":{"line":25,"column":7}},"type":"if","locations":[{"start":{"line":16,"column":6},"end":{"line":25,"column":7}},{"start":{"line":20,"column":13},"end":{"line":25,"column":7}}],"line":16},"4":{"loc":{"start":{"line":16,"column":10},"end":{"line":16,"column":62}},"type":"binary-expr","locations":[{"start":{"line":16,"column":10},"end":{"line":16,"column":24}},{"start":{"line":16,"column":28},"end":{"line":16,"column":62}}],"line":16},"5":{"loc":{"start":{"line":20,"column":13},"end":{"line":25,"column":7}},"type":"if","locations":[{"start":{"line":20,"column":13},"end":{"line":25,"column":7}},{"start":{"line":23,"column":13},"end":{"line":25,"column":7}}],"line":20},"6":{"loc":{"start":{"line":20,"column":17},"end":{"line":20,"column":70}},"type":"binary-expr","locations":[{"start":{"line":20,"column":17},"end":{"line":20,"column":31}},{"start":{"line":20,"column":35},"end":{"line":20,"column":70}}],"line":20},"7":{"loc":{"start":{"line":23,"column":13},"end":{"line":25,"column":7}},"type":"if","locations":[{"start":{"line":23,"column":13},"end":{"line":25,"column":7}},{"start":{},"end":{}}],"line":23},"8":{"loc":{"start":{"line":23,"column":17},"end":{"line":23,"column":70}},"type":"binary-expr","locations":[{"start":{"line":23,"column":17},"end":{"line":23,"column":31}},{"start":{"line":23,"column":35},"end":{"line":23,"column":70}}],"line":23},"9":{"loc":{"start":{"line":26,"column":6},"end":{"line":28,"column":7}},"type":"if","locations":[{"start":{"line":26,"column":6},"end":{"line":28,"column":7}},{"start":{},"end":{}}],"line":26},"10":{"loc":{"start":{"line":26,"column":10},"end":{"line":26,"column":108}},"type":"binary-expr","locations":[{"start":{"line":26,"column":10},"end":{"line":26,"column":24}},{"start":{"line":26,"column":28},"end":{"line":26,"column":57}},{"start":{"line":26,"column":61},"end":{"line":26,"column":79}},{"start":{"line":26,"column":83},"end":{"line":26,"column":108}}],"line":26}},"s":{"0":2,"1":2,"2":16,"3":7,"4":9,"5":3,"6":6,"7":2,"8":6,"9":6,"10":28,"11":5,"12":5,"13":5,"14":23,"15":6,"16":6,"17":17,"18":4,"19":28,"20":4,"21":2,"22":2},"f":{"0":2,"1":16,"2":6,"3":28},"b":{"0":[7,9],"1":[3,6],"2":[9,4,3],"3":[5,23],"4":[28,11],"5":[6,17],"6":[23,6],"7":[4,13],"8":[17,9],"9":[4,24],"10":[28,8,4,4]},"_coverageSchema":"1a1c01bbd47fc00a2c39e90264f33305004495a9","hash":"36c7f375dae34be53c2044fa7f1d127cb727edf9"}
,"/home/swat/frontend-project-46/frontend-project-46/src/formatters/formatter-stylish.js": {"path":"/home/swat/frontend-project-46/frontend-project-46/src/formatters/formatter-stylish.js","statementMap":{"0":{"start":{"line":2,"column":19},"end":{"line":2,"column":22}},"1":{"start":{"line":3,"column":22},"end":{"line":3,"column":23}},"2":{"start":{"line":4,"column":15},"end":{"line":20,"column":3}},"3":{"start":{"line":5,"column":4},"end":{"line":7,"column":5}},"4":{"start":{"line":6,"column":6},"end":{"line":6,"column":31}},"5":{"start":{"line":8,"column":23},"end":{"line":8,"column":42}},"6":{"start":{"line":9,"column":26},"end":{"line":9,"column":57}},"7":{"start":{"line":10,"column":26},"end":{"line":10,"column":67}},"8":{"start":{"line":11,"column":18},"end":{"line":13,"column":77}},"9":{"start":{"line":13,"column":27},"end":{"line":13,"column":76}},"10":{"start":{"line":15,"column":4},"end":{"line":19,"column":17}},"11":{"start":{"line":22,"column":2},"end":{"line":22,"column":23}}},"fnMap":{"0":{"name":"formatterStylich","decl":{"start":{"line":1,"column":24},"end":{"line":1,"column":40}},"loc":{"start":{"line":1,"column":47},"end":{"line":23,"column":1}},"line":1},"1":{"name":"(anonymous_1)","decl":{"start":{"line":4,"column":15},"end":{"line":4,"column":16}},"loc":{"start":{"line":4,"column":40},"end":{"line":20,"column":3}},"line":4},"2":{"name":"(anonymous_2)","decl":{"start":{"line":13,"column":11},"end":{"line":13,"column":12}},"loc":{"start":{"line":13,"column":27},"end":{"line":13,"column":76}},"line":13}},"branchMap":{"0":{"loc":{"start":{"line":5,"column":4},"end":{"line":7,"column":5}},"type":"if","locations":[{"start":{"line":5,"column":4},"end":{"line":7,"column":5}},{"start":{},"end":{}}],"line":5},"1":{"loc":{"start":{"line":5,"column":8},"end":{"line":5,"column":65}},"type":"binary-expr","locations":[{"start":{"line":5,"column":8},"end":{"line":5,"column":40}},{"start":{"line":5,"column":44},"end":{"line":5,"column":65}}],"line":5}},"s":{"0":1,"1":1,"2":1,"3":32,"4":20,"5":12,"6":12,"7":12,"8":12,"9":31,"10":12,"11":1},"f":{"0":1,"1":32,"2":31},"b":{"0":[20,12],"1":[32,13]},"_coverageSchema":"1a1c01bbd47fc00a2c39e90264f33305004495a9","hash":"195f02f643c0c90993e88babf6a4761fcc430ec8"}
,"/home/swat/frontend-project-46/frontend-project-46/src/helpers/helpers.js": {"path":"/home/swat/frontend-project-46/frontend-project-46/src/helpers/helpers.js","statementMap":{"0":{"start":{"line":6,"column":32},"end":{"line":6,"column":83}},"1":{"start":{"line":6,"column":46},"end":{"line":6,"column":83}},"2":{"start":{"line":8,"column":33},"end":{"line":8,"column":98}},"3":{"start":{"line":8,"column":47},"end":{"line":8,"column":98}},"4":{"start":{"line":10,"column":35},"end":{"line":10,"column":60}},"5":{"start":{"line":10,"column":45},"end":{"line":10,"column":60}}},"fnMap":{"0":{"name":"(anonymous_0)","decl":{"start":{"line":6,"column":32},"end":{"line":6,"column":33}},"loc":{"start":{"line":6,"column":46},"end":{"line":6,"column":83}},"line":6},"1":{"name":"(anonymous_1)","decl":{"start":{"line":8,"column":33},"end":{"line":8,"column":34}},"loc":{"start":{"line":8,"column":47},"end":{"line":8,"column":98}},"line":8},"2":{"name":"(anonymous_2)","decl":{"start":{"line":10,"column":35},"end":{"line":10,"column":36}},"loc":{"start":{"line":10,"column":45},"end":{"line":10,"column":60}},"line":10}},"branchMap":{},"s":{"0":4,"1":4,"2":4,"3":22,"4":4,"5":4},"f":{"0":4,"1":22,"2":4},"b":{},"_coverageSchema":"1a1c01bbd47fc00a2c39e90264f33305004495a9","hash":"fbe5d65e7039f523ae2a0d6744cca8791de095fe"}
}
