TN:
SF:__fixtures__/objectDeep.js
FNF:0
FNH:0
DA:1,3
DA:28,3
DA:60,3
DA:106,3
LF:4
LH:4
BRF:0
BRH:0
end_of_record
TN:
SF:__fixtures__/objects.js
FNF:0
FNH:0
DA:1,4
DA:7,4
DA:13,4
DA:19,4
DA:26,4
DA:35,4
LF:6
LH:6
BRF:0
BRH:0
end_of_record
TN:
SF:src/compare-file.js
FN:4,compareFile
FNF:1
FNH:1
FNDA:16,compareFile
DA:5,16
DA:7,16
DA:8,16
DA:9,41
DA:10,28
DA:11,7
DA:12,21
DA:13,15
DA:15,6
DA:16,6
DA:18,13
DA:19,8
DA:20,2
DA:22,6
DA:25,5
DA:26,1
DA:28,4
DA:34,16
LF:18
LH:18
BRDA:9,0,0,28
BRDA:9,0,1,13
BRDA:9,1,0,41
BRDA:9,1,1,33
BRDA:10,2,0,7
BRDA:10,2,1,21
BRDA:10,3,0,28
BRDA:10,3,1,8
BRDA:10,3,2,7
BRDA:10,3,3,7
BRDA:12,4,0,15
BRDA:12,4,1,6
BRDA:15,5,0,1
BRDA:15,5,1,5
BRDA:15,6,0,6
BRDA:15,6,1,1
BRDA:16,7,0,0
BRDA:16,7,1,6
BRDA:16,8,0,6
BRDA:16,8,1,1
BRDA:18,9,0,8
BRDA:18,9,1,5
BRDA:19,10,0,2
BRDA:19,10,1,6
BRDA:25,11,0,1
BRDA:25,11,1,4
BRF:26
BRH:25
end_of_record
TN:
SF:src/parse.js
FN:3,(anonymous_0)
FNF:1
FNH:1
FNDA:11,(anonymous_0)
DA:4,11
DA:6,6
DA:9,4
DA:11,1
LF:4
LH:4
BRDA:4,0,0,6
BRDA:4,0,1,0
BRDA:4,0,2,4
BRDA:4,0,3,1
BRF:4
BRH:3
end_of_record
TN:
SF:src/formatters/formatter-plain.js
FN:1,formatterPlain
FN:3,(anonymous_1)
FN:13,(anonymous_2)
FN:15,(anonymous_3)
FNF:4
FNH:4
FNDA:2,formatterPlain
FNDA:16,(anonymous_1)
FNDA:6,(anonymous_2)
FNDA:28,(anonymous_3)
DA:2,2
DA:3,2
DA:4,16
DA:5,7
DA:7,9
DA:8,3
DA:10,6
DA:13,2
DA:14,6
DA:15,6
DA:16,28
DA:17,5
DA:18,5
DA:19,5
DA:20,23
DA:21,6
DA:22,6
DA:23,17
DA:24,4
DA:26,28
DA:27,4
DA:31,2
DA:33,2
LF:23
LH:23
BRDA:4,0,0,7
BRDA:4,0,1,9
BRDA:7,1,0,3
BRDA:7,1,1,6
BRDA:7,2,0,9
BRDA:7,2,1,4
BRDA:7,2,2,3
BRDA:16,3,0,5
BRDA:16,3,1,23
BRDA:16,4,0,28
BRDA:16,4,1,11
BRDA:20,5,0,6
BRDA:20,5,1,17
BRDA:20,6,0,23
BRDA:20,6,1,6
BRDA:23,7,0,4
BRDA:23,7,1,13
BRDA:23,8,0,17
BRDA:23,8,1,9
BRDA:26,9,0,4
BRDA:26,9,1,24
BRDA:26,10,0,28
BRDA:26,10,1,8
BRDA:26,10,2,4
BRDA:26,10,3,4
BRF:25
BRH:25
end_of_record
TN:
SF:src/formatters/formatter-stylish.js
FN:1,formatterStylich
FN:4,(anonymous_1)
FN:13,(anonymous_2)
FNF:3
FNH:3
FNDA:1,formatterStylich
FNDA:32,(anonymous_1)
FNDA:31,(anonymous_2)
DA:2,1
DA:3,1
DA:4,1
DA:5,32
DA:6,20
DA:8,12
DA:9,12
DA:10,12
DA:11,12
DA:13,31
DA:15,12
DA:22,1
LF:12
LH:12
BRDA:5,0,0,20
BRDA:5,0,1,12
BRDA:5,1,0,32
BRDA:5,1,1,13
BRF:4
BRH:4
end_of_record
TN:
SF:src/helpers/helpers.js
FN:6,(anonymous_0)
FN:8,(anonymous_1)
FN:10,(anonymous_2)
FNF:3
FNH:3
FNDA:4,(anonymous_0)
FNDA:22,(anonymous_1)
FNDA:4,(anonymous_2)
DA:6,4
DA:8,22
DA:10,4
LF:3
LH:3
BRF:0
BRH:0
end_of_record
