TN:
SF:__fixtures__/objects.js
FNF:0
FNH:0
DA:1,2
DA:7,2
DA:13,2
DA:19,2
DA:26,2
DA:35,2
LF:6
LH:6
BRF:0
BRH:0
end_of_record
TN:
SF:src/compare-file.js
FN:4,compareFile
FNF:1
FNH:1
FNDA:7,compareFile
DA:5,7
DA:7,7
DA:8,7
DA:9,28
DA:10,16
DA:11,12
DA:13,4
DA:14,4
DA:16,12
DA:17,6
DA:18,6
DA:21,7
LF:12
LH:12
BRDA:9,0,0,16
BRDA:9,0,1,12
BRDA:9,1,0,28
BRDA:9,1,1,22
BRDA:10,2,0,12
BRDA:10,2,1,4
BRDA:16,3,0,6
BRDA:16,3,1,6
BRF:8
BRH:8
end_of_record
TN:
SF:src/helpers/helpers.js
FN:4,(anonymous_0)
FN:6,(anonymous_1)
FNF:2
FNH:2
FNDA:4,(anonymous_0)
FNDA:13,(anonymous_1)
DA:4,4
DA:6,13
LF:2
LH:2
BRF:0
BRH:0
end_of_record
